{"numTotalTestSuites":23,"numPassedTestSuites":23,"numFailedTestSuites":0,"numPendingTestSuites":0,"numTotalTests":51,"numPassedTests":50,"numFailedTests":1,"numPendingTests":0,"numTodoTests":0,"startTime":1761584406887,"success":false,"testResults":[{"assertionResults":[{"ancestorTitles":["","ErrorHandler","createErrorInfo"],"fullName":" ErrorHandler createErrorInfo should create error info from Error object","status":"passed","title":"should create error info from Error object","duration":5,"failureMessages":[]},{"ancestorTitles":["","ErrorHandler","createErrorInfo"],"fullName":" ErrorHandler createErrorInfo should create error info from string","status":"passed","title":"should create error info from string","duration":1,"failureMessages":[]},{"ancestorTitles":["","ErrorHandler","handleError"],"fullName":" ErrorHandler handleError should log error to console","status":"passed","title":"should log error to console","duration":23,"failureMessages":[]},{"ancestorTitles":["","ErrorHandler","handleError"],"fullName":" ErrorHandler handleError should store error for debugging","status":"passed","title":"should store error for debugging","duration":5,"failureMessages":[]},{"ancestorTitles":["","ErrorHandler","handleError"],"fullName":" ErrorHandler handleError should limit stored errors to 100","status":"passed","title":"should limit stored errors to 100","duration":144,"failureMessages":[]},{"ancestorTitles":["","ErrorHandler","shouldNotifyUser"],"fullName":" ErrorHandler shouldNotifyUser should not notify for silent error types","status":"passed","title":"should not notify for silent error types","duration":0,"failureMessages":[]},{"ancestorTitles":["","ErrorHandler","shouldNotifyUser"],"fullName":" ErrorHandler shouldNotifyUser should not notify for development errors","status":"passed","title":"should not notify for development errors","duration":0,"failureMessages":[]},{"ancestorTitles":["","ErrorHandler","shouldNotifyUser"],"fullName":" ErrorHandler shouldNotifyUser should notify for other error types","status":"passed","title":"should notify for other error types","duration":1,"failureMessages":[]},{"ancestorTitles":["","ErrorHandler","getUserFriendlyMessage"],"fullName":" ErrorHandler getUserFriendlyMessage should return component-specific messages","status":"passed","title":"should return component-specific messages","duration":0,"failureMessages":[]},{"ancestorTitles":["","ErrorHandler","getUserFriendlyMessage"],"fullName":" ErrorHandler getUserFriendlyMessage should return network error messages","status":"passed","title":"should return network error messages","duration":0,"failureMessages":[]},{"ancestorTitles":["","ErrorHandler","getUserFriendlyMessage"],"fullName":" ErrorHandler getUserFriendlyMessage should return storage error messages","status":"passed","title":"should return storage error messages","duration":0,"failureMessages":[]},{"ancestorTitles":["","ErrorHandler","getUserFriendlyMessage"],"fullName":" ErrorHandler getUserFriendlyMessage should return generic message for unknown errors","status":"passed","title":"should return generic message for unknown errors","duration":0,"failureMessages":[]},{"ancestorTitles":["","ErrorHandler","showNotification"],"fullName":" ErrorHandler showNotification should create notification element","status":"passed","title":"should create notification element","duration":1,"failureMessages":[]},{"ancestorTitles":["","ErrorHandler","showNotification"],"fullName":" ErrorHandler showNotification should auto-remove notification after timeout","status":"failed","title":"should auto-remove notification after timeout","duration":6,"failureMessages":["expected <div …(2)>…(1)</div> to be falsy"],"location":{"line":146,"column":61}},{"ancestorTitles":["","ErrorHandler","handleCalculationError"],"fullName":" ErrorHandler handleCalculationError should return safe fallback result","status":"passed","title":"should return safe fallback result","duration":2,"failureMessages":[]},{"ancestorTitles":["","ErrorHandler","handleCalculationError"],"fullName":" ErrorHandler handleCalculationError should store error with correct context","status":"passed","title":"should store error with correct context","duration":2,"failureMessages":[]},{"ancestorTitles":["","ErrorHandler","listeners"],"fullName":" ErrorHandler listeners should add and remove listeners","status":"passed","title":"should add and remove listeners","duration":0,"failureMessages":[]},{"ancestorTitles":["","ErrorHandler","listeners"],"fullName":" ErrorHandler listeners should notify listeners on error","status":"passed","title":"should notify listeners on error","duration":3,"failureMessages":[]},{"ancestorTitles":["","ErrorHandler","listeners"],"fullName":" ErrorHandler listeners should handle listener errors gracefully","status":"passed","title":"should handle listener errors gracefully","duration":4,"failureMessages":[]},{"ancestorTitles":["","ErrorHandler","getErrorStats"],"fullName":" ErrorHandler getErrorStats should return error statistics","status":"passed","title":"should return error statistics","duration":6,"failureMessages":[]},{"ancestorTitles":["","ErrorHandler","generateErrorId"],"fullName":" ErrorHandler generateErrorId should generate unique error IDs","status":"passed","title":"should generate unique error IDs","duration":0,"failureMessages":[]}],"startTime":1761584412015,"endTime":1761584412218,"status":"failed","message":"","name":"/mnt/c/Users/david/OneDrive - Qolcom/AI/AI_Development_Projects/03_NaaS_Calculator_UI/tests/utils/error-handler.test.js"},{"assertionResults":[{"ancestorTitles":["","SecurityUtils","setHTML"],"fullName":" SecurityUtils setHTML should call setHTML without errors","status":"passed","title":"should call setHTML without errors","duration":8,"failureMessages":[]},{"ancestorTitles":["","SecurityUtils","setHTML"],"fullName":" SecurityUtils setHTML should handle null element gracefully","status":"passed","title":"should handle null element gracefully","duration":1,"failureMessages":[]},{"ancestorTitles":["","SecurityUtils","setHTML"],"fullName":" SecurityUtils setHTML should handle non-string HTML gracefully","status":"passed","title":"should handle non-string HTML gracefully","duration":1,"failureMessages":[]},{"ancestorTitles":["","SecurityUtils","createElement"],"fullName":" SecurityUtils createElement should create element with text content","status":"passed","title":"should create element with text content","duration":0,"failureMessages":[]},{"ancestorTitles":["","SecurityUtils","createElement"],"fullName":" SecurityUtils createElement should create element with valid attributes","status":"passed","title":"should create element with valid attributes","duration":2,"failureMessages":[]},{"ancestorTitles":["","SecurityUtils","createElement"],"fullName":" SecurityUtils createElement should filter out unsafe attributes","status":"passed","title":"should filter out unsafe attributes","duration":0,"failureMessages":[]},{"ancestorTitles":["","SecurityUtils","isValidAttribute"],"fullName":" SecurityUtils isValidAttribute should allow safe attributes","status":"passed","title":"should allow safe attributes","duration":1,"failureMessages":[]},{"ancestorTitles":["","SecurityUtils","isValidAttribute"],"fullName":" SecurityUtils isValidAttribute should block unsafe attributes","status":"passed","title":"should block unsafe attributes","duration":0,"failureMessages":[]},{"ancestorTitles":["","SecurityUtils","isValidAttribute"],"fullName":" SecurityUtils isValidAttribute should block JavaScript in attribute values","status":"passed","title":"should block JavaScript in attribute values","duration":0,"failureMessages":[]},{"ancestorTitles":["","InputValidator","validateNumber"],"fullName":" InputValidator validateNumber should validate valid numbers","status":"passed","title":"should validate valid numbers","duration":0,"failureMessages":[]},{"ancestorTitles":["","InputValidator","validateNumber"],"fullName":" InputValidator validateNumber should handle empty/null values","status":"passed","title":"should handle empty/null values","duration":1,"failureMessages":[]},{"ancestorTitles":["","InputValidator","validateNumber"],"fullName":" InputValidator validateNumber should throw on invalid numbers","status":"passed","title":"should throw on invalid numbers","duration":0,"failureMessages":[]},{"ancestorTitles":["","InputValidator","validateNumber"],"fullName":" InputValidator validateNumber should enforce min/max constraints","status":"passed","title":"should enforce min/max constraints","duration":0,"failureMessages":[]},{"ancestorTitles":["","InputValidator","validateNumber"],"fullName":" InputValidator validateNumber should handle integer-only mode","status":"passed","title":"should handle integer-only mode","duration":1,"failureMessages":[]},{"ancestorTitles":["","InputValidator","validateString"],"fullName":" InputValidator validateString should validate valid strings","status":"passed","title":"should validate valid strings","duration":0,"failureMessages":[]},{"ancestorTitles":["","InputValidator","validateString"],"fullName":" InputValidator validateString should handle empty strings based on allowEmpty","status":"passed","title":"should handle empty strings based on allowEmpty","duration":0,"failureMessages":[]},{"ancestorTitles":["","InputValidator","validateString"],"fullName":" InputValidator validateString should enforce length constraints","status":"passed","title":"should enforce length constraints","duration":0,"failureMessages":[]},{"ancestorTitles":["","InputValidator","validateString"],"fullName":" InputValidator validateString should validate against patterns","status":"passed","title":"should validate against patterns","duration":1,"failureMessages":[]},{"ancestorTitles":["","InputValidator","validateString"],"fullName":" InputValidator validateString should detect XSS attempts","status":"passed","title":"should detect XSS attempts","duration":0,"failureMessages":[]},{"ancestorTitles":["","InputValidator","validateString"],"fullName":" InputValidator validateString should handle null/undefined values","status":"passed","title":"should handle null/undefined values","duration":0,"failureMessages":[]},{"ancestorTitles":["","InputValidator","validateEmail"],"fullName":" InputValidator validateEmail should validate correct email formats","status":"passed","title":"should validate correct email formats","duration":0,"failureMessages":[]},{"ancestorTitles":["","InputValidator","validateEmail"],"fullName":" InputValidator validateEmail should reject invalid email formats","status":"passed","title":"should reject invalid email formats","duration":0,"failureMessages":[]},{"ancestorTitles":["","InputValidator","validateCurrency"],"fullName":" InputValidator validateCurrency should validate currency amounts","status":"passed","title":"should validate currency amounts","duration":0,"failureMessages":[]},{"ancestorTitles":["","InputValidator","validateCurrency"],"fullName":" InputValidator validateCurrency should reject negative amounts","status":"passed","title":"should reject negative amounts","duration":0,"failureMessages":[]},{"ancestorTitles":["","InputValidator","validateCurrency"],"fullName":" InputValidator validateCurrency should reject excessive amounts","status":"passed","title":"should reject excessive amounts","duration":0,"failureMessages":[]},{"ancestorTitles":["","InputValidator","validatePercentage"],"fullName":" InputValidator validatePercentage should validate percentage values","status":"passed","title":"should validate percentage values","duration":0,"failureMessages":[]},{"ancestorTitles":["","InputValidator","validatePercentage"],"fullName":" InputValidator validatePercentage should reject values outside 0-100 range","status":"passed","title":"should reject values outside 0-100 range","duration":0,"failureMessages":[]},{"ancestorTitles":["","InputValidator","sanitizeForStorage"],"fullName":" InputValidator sanitizeForStorage should sanitize object properties","status":"passed","title":"should sanitize object properties","duration":0,"failureMessages":[]},{"ancestorTitles":["","InputValidator","sanitizeForStorage"],"fullName":" InputValidator sanitizeForStorage should handle null/undefined input","status":"passed","title":"should handle null/undefined input","duration":0,"failureMessages":[]},{"ancestorTitles":["","InputValidator","sanitizeForStorage"],"fullName":" InputValidator sanitizeForStorage should handle non-object input","status":"passed","title":"should handle non-object input","duration":1,"failureMessages":[]}],"startTime":1761584412092,"endTime":1761584412110,"status":"passed","message":"","name":"/mnt/c/Users/david/OneDrive - Qolcom/AI/AI_Development_Projects/03_NaaS_Calculator_UI/tests/utils/security.test.js"}]}